{
  "stats": {
    "suites": 1,
    "tests": 1,
    "passes": 1,
    "pending": 0,
    "failures": 0,
    "start": "2025-12-14T15:09:52.722Z",
    "end": "2025-12-14T15:09:54.647Z",
    "duration": 1925,
    "testsRegistered": 1,
    "passPercent": 100,
    "pendingPercent": 0,
    "other": 0,
    "hasOther": false,
    "skipped": 0,
    "hasSkipped": false
  },
  "results": [
    {
      "uuid": "4ac3f9fd-bda0-4c49-8b9f-dff0c8d444b3",
      "title": "",
      "fullFile": "cypress/e2e/cart.cy.js",
      "file": "cypress/e2e/cart.cy.js",
      "beforeHooks": [],
      "afterHooks": [],
      "tests": [],
      "suites": [
        {
          "uuid": "149bbc3b-8137-48ab-99e1-f84af15fae02",
          "title": "Cart",
          "fullFile": "",
          "file": "",
          "beforeHooks": [],
          "afterHooks": [],
          "tests": [
            {
              "title": "Adds an item to cart",
              "fullTitle": "Cart Adds an item to cart",
              "timedOut": null,
              "duration": 1222,
              "state": "passed",
              "speed": "fast",
              "pass": true,
              "fail": false,
              "pending": false,
              "context": null,
              "code": "cy.visit(\"https://www.saucedemo.com/\");\ncy.get('[data-test=\"username\"]').should(\"be.visible\");\nloginPage.enterUsername(\"standard_user\");\nloginPage.enterPassword(\"secret_sauce\");\nloginPage.clickLogin();\ncy.url().should(\"include\", \"/inventory\");\ninventoryPage.addBackpack();\ninventoryPage.elements.cartBadge().should(\"have.text\", \"1\");",
              "err": {},
              "uuid": "a12bf03b-9e71-4cd7-8a15-1b62dfc5f327",
              "parentUUID": "149bbc3b-8137-48ab-99e1-f84af15fae02",
              "isHook": false,
              "skipped": false
            }
          ],
          "suites": [],
          "passes": [
            "a12bf03b-9e71-4cd7-8a15-1b62dfc5f327"
          ],
          "failures": [],
          "pending": [],
          "skipped": [],
          "duration": 1222,
          "root": false,
          "rootEmpty": false,
          "_timeout": 2000
        }
      ],
      "passes": [],
      "failures": [],
      "pending": [],
      "skipped": [],
      "duration": 0,
      "root": true,
      "rootEmpty": true,
      "_timeout": 2000
    }
  ],
  "meta": {
    "mocha": {
      "version": "7.2.0"
    },
    "mochawesome": {
      "options": {
        "quiet": false,
        "reportFilename": "mochawesome",
        "saveHtml": false,
        "saveJson": true,
        "consoleReporter": "spec",
        "useInlineDiffs": false,
        "code": true
      },
      "version": "7.1.4"
    },
    "marge": {
      "options": {
        "reportDir": "cypress/reports",
        "overwrite": false,
        "html": false,
        "json": true
      },
      "version": "6.3.2"
    }
  }
}