{
  "stats": {
    "suites": 1,
    "tests": 1,
    "passes": 1,
    "pending": 0,
    "failures": 0,
    "start": "2025-12-14T15:09:58.189Z",
    "end": "2025-12-14T15:09:59.590Z",
    "duration": 1401,
    "testsRegistered": 1,
    "passPercent": 100,
    "pendingPercent": 0,
    "other": 0,
    "hasOther": false,
    "skipped": 0,
    "hasSkipped": false
  },
  "results": [
    {
      "uuid": "e7e8e321-add2-4935-9ae0-d23b1ff0313a",
      "title": "",
      "fullFile": "cypress/e2e/login_negative.cy.js",
      "file": "cypress/e2e/login_negative.cy.js",
      "beforeHooks": [],
      "afterHooks": [],
      "tests": [],
      "suites": [
        {
          "uuid": "6a68bce0-828e-444c-9ac9-64adf9b0ab7b",
          "title": "Login - Negative",
          "fullFile": "",
          "file": "",
          "beforeHooks": [],
          "afterHooks": [],
          "tests": [
            {
              "title": "shows error for invalid credentials",
              "fullTitle": "Login - Negative shows error for invalid credentials",
              "timedOut": null,
              "duration": 876,
              "state": "passed",
              "speed": "fast",
              "pass": true,
              "fail": false,
              "pending": false,
              "context": null,
              "code": "cy.visit(\"https://www.saucedemo.com/\");\ncy.get('[data-test=\"username\"]').should('be.visible');\nloginPage.enterUsername('wrong_user');\nloginPage.enterPassword('wrong_password');\nloginPage.clickLogin();\ncy.get('[data-test=\"error\"]').should('be.visible').contains('Epic sadface');",
              "err": {},
              "uuid": "44ade301-19f1-4029-bfa5-a5b88069ca14",
              "parentUUID": "6a68bce0-828e-444c-9ac9-64adf9b0ab7b",
              "isHook": false,
              "skipped": false
            }
          ],
          "suites": [],
          "passes": [
            "44ade301-19f1-4029-bfa5-a5b88069ca14"
          ],
          "failures": [],
          "pending": [],
          "skipped": [],
          "duration": 876,
          "root": false,
          "rootEmpty": false,
          "_timeout": 2000
        }
      ],
      "passes": [],
      "failures": [],
      "pending": [],
      "skipped": [],
      "duration": 0,
      "root": true,
      "rootEmpty": true,
      "_timeout": 2000
    }
  ],
  "meta": {
    "mocha": {
      "version": "7.2.0"
    },
    "mochawesome": {
      "options": {
        "quiet": false,
        "reportFilename": "mochawesome",
        "saveHtml": false,
        "saveJson": true,
        "consoleReporter": "spec",
        "useInlineDiffs": false,
        "code": true
      },
      "version": "7.1.4"
    },
    "marge": {
      "options": {
        "reportDir": "cypress/reports",
        "overwrite": false,
        "html": false,
        "json": true
      },
      "version": "6.3.2"
    }
  }
}